0 info it worked if it ends with ok
1 verbose cli [ '/usr/local/bin/node',
1 verbose cli   '/usr/local/bin/npm',
1 verbose cli   'install',
1 verbose cli   'child_process' ]
2 info using npm@2.14.7
3 info using node@v4.2.1
4 verbose install initial load of /Users/maxharlynking/Documents/Stuff/School/13-17 Carnegie Mellon/67-364 Practical Data Science/project2/scripts/package.json
5 verbose installManyTop reading scoped package data from /Users/maxharlynking/Documents/Stuff/School/13-17 Carnegie Mellon/67-364 Practical Data Science/project2/scripts/node_modules/async/package.json
6 verbose installManyTop reading scoped package data from /Users/maxharlynking/Documents/Stuff/School/13-17 Carnegie Mellon/67-364 Practical Data Science/project2/scripts/node_modules/cheerio/package.json
7 verbose installManyTop reading scoped package data from /Users/maxharlynking/Documents/Stuff/School/13-17 Carnegie Mellon/67-364 Practical Data Science/project2/scripts/node_modules/fountain-js/package.json
8 verbose installManyTop reading scoped package data from /Users/maxharlynking/Documents/Stuff/School/13-17 Carnegie Mellon/67-364 Practical Data Science/project2/scripts/node_modules/fs/package.json
9 verbose installManyTop reading scoped package data from /Users/maxharlynking/Documents/Stuff/School/13-17 Carnegie Mellon/67-364 Practical Data Science/project2/scripts/node_modules/jsdom/package.json
10 verbose installManyTop reading scoped package data from /Users/maxharlynking/Documents/Stuff/School/13-17 Carnegie Mellon/67-364 Practical Data Science/project2/scripts/node_modules/moment/package.json
11 verbose installManyTop reading scoped package data from /Users/maxharlynking/Documents/Stuff/School/13-17 Carnegie Mellon/67-364 Practical Data Science/project2/scripts/node_modules/request/package.json
12 verbose installManyTop reading scoped package data from /Users/maxharlynking/Documents/Stuff/School/13-17 Carnegie Mellon/67-364 Practical Data Science/project2/scripts/node_modules/util/package.json
13 info package.json fs@0.0.2 fs is also the name of a node core module.
14 info package.json fs@0.0.2 No description
15 info package.json fs@0.0.2 No repository field.
16 info package.json fs@0.0.2 No README data
17 info package.json util@0.10.3 util is also the name of a node core module.
18 verbose readDependencies loading dependencies from /Users/maxharlynking/Documents/Stuff/School/13-17 Carnegie Mellon/67-364 Practical Data Science/project2/scripts/package.json
19 silly cache add args [ 'child_process', null ]
20 verbose cache add spec child_process
21 silly cache add parsed spec Result {
21 silly cache add   raw: 'child_process',
21 silly cache add   scope: null,
21 silly cache add   name: 'child_process',
21 silly cache add   rawSpec: '',
21 silly cache add   spec: '*',
21 silly cache add   type: 'range' }
22 silly addNamed child_process@*
23 verbose addNamed "*" is a valid semver range for child_process
24 silly addNameRange { name: 'child_process', range: '*', hasData: false }
25 silly mapToRegistry name child_process
26 silly mapToRegistry using default registry
27 silly mapToRegistry registry https://registry.npmjs.org/
28 silly mapToRegistry uri https://registry.npmjs.org/child_process
29 verbose addNameRange registry:https://registry.npmjs.org/child_process not in flight; fetching
30 verbose request uri https://registry.npmjs.org/child_process
31 verbose request no auth needed
32 info attempt registry request try #1 at 5:33:36 PM
33 verbose request id d1d0332d19bea777
34 http request GET https://registry.npmjs.org/child_process
35 http 404 https://registry.npmjs.org/child_process
36 verbose headers { 'content-type': 'application/json',
36 verbose headers   'cache-control': 'max-age=0',
36 verbose headers   'content-length': '2',
36 verbose headers   'accept-ranges': 'bytes',
36 verbose headers   date: 'Sun, 24 Apr 2016 21:33:36 GMT',
36 verbose headers   via: '1.1 varnish',
36 verbose headers   age: '0',
36 verbose headers   connection: 'keep-alive',
36 verbose headers   'x-served-by': 'cache-iad2123-IAD',
36 verbose headers   'x-cache': 'MISS',
36 verbose headers   'x-cache-hits': '0',
36 verbose headers   'x-timer': 'S1461533616.424738,VS0,VE83',
36 verbose headers   vary: 'Accept-Encoding' }
37 silly get cb [ 404,
37 silly get   { 'content-type': 'application/json',
37 silly get     'cache-control': 'max-age=0',
37 silly get     'content-length': '2',
37 silly get     'accept-ranges': 'bytes',
37 silly get     date: 'Sun, 24 Apr 2016 21:33:36 GMT',
37 silly get     via: '1.1 varnish',
37 silly get     age: '0',
37 silly get     connection: 'keep-alive',
37 silly get     'x-served-by': 'cache-iad2123-IAD',
37 silly get     'x-cache': 'MISS',
37 silly get     'x-cache-hits': '0',
37 silly get     'x-timer': 'S1461533616.424738,VS0,VE83',
37 silly get     vary: 'Accept-Encoding' } ]
38 verbose stack Error: Registry returned 404 for GET on https://registry.npmjs.org/child_process
38 verbose stack     at makeError (/usr/local/lib/node_modules/npm/node_modules/npm-registry-client/lib/request.js:264:12)
38 verbose stack     at CachingRegistryClient.<anonymous> (/usr/local/lib/node_modules/npm/node_modules/npm-registry-client/lib/request.js:242:14)
38 verbose stack     at Request._callback (/usr/local/lib/node_modules/npm/node_modules/npm-registry-client/lib/request.js:172:14)
38 verbose stack     at Request.self.callback (/usr/local/lib/node_modules/npm/node_modules/request/request.js:198:22)
38 verbose stack     at emitTwo (events.js:87:13)
38 verbose stack     at Request.emit (events.js:172:7)
38 verbose stack     at Request.<anonymous> (/usr/local/lib/node_modules/npm/node_modules/request/request.js:1063:14)
38 verbose stack     at emitOne (events.js:82:20)
38 verbose stack     at Request.emit (events.js:169:7)
38 verbose stack     at IncomingMessage.<anonymous> (/usr/local/lib/node_modules/npm/node_modules/request/request.js:1009:12)
39 verbose statusCode 404
40 verbose pkgid child_process
41 verbose cwd /Users/maxharlynking/Documents/Stuff/School/13-17 Carnegie Mellon/67-364 Practical Data Science/project2/scripts
42 error Darwin 15.3.0
43 error argv "/usr/local/bin/node" "/usr/local/bin/npm" "install" "child_process"
44 error node v4.2.1
45 error npm  v2.14.7
46 error code E404
47 error 404 Registry returned 404 for GET on https://registry.npmjs.org/child_process
47 error 404
47 error 404 'child_process' is not in the npm registry.
47 error 404 Your package name is not valid, because
47 error 404
47 error 404  1. child_process is a core module name
47 error 404 It was specified as a dependency of 'scripts'
47 error 404
47 error 404 Note that you can also install from a
47 error 404 tarball, folder, http url, or git url.
48 verbose exit [ 1, true ]
